0 info it worked if it ends with ok
1 verbose cli [ '/home/jesse/.nvm/versions/node/v6.9.1/bin/node',
1 verbose cli   '/home/jesse/.nvm/versions/node/v6.9.1/bin/npm',
1 verbose cli   'owner',
1 verbose cli   'ls' ]
2 info using npm@3.10.8
3 info using node@v6.9.1
4 silly mapToRegistry name bip-www
5 silly mapToRegistry using default registry
6 silly mapToRegistry registry http://registry.npmjs.org/
7 silly mapToRegistry data Result {
7 silly mapToRegistry   raw: 'bip-www',
7 silly mapToRegistry   scope: null,
7 silly mapToRegistry   escapedName: 'bip-www',
7 silly mapToRegistry   name: 'bip-www',
7 silly mapToRegistry   rawSpec: '',
7 silly mapToRegistry   spec: 'latest',
7 silly mapToRegistry   type: 'tag' }
8 silly mapToRegistry uri http://registry.npmjs.org/bip-www
9 verbose request uri http://registry.npmjs.org/bip-www
10 verbose request always-auth set; sending authorization
11 info attempt registry request try #1 at 10:45:04 PM
12 verbose request id 7ac628e6e4cdb4de
13 http request GET http://registry.npmjs.org/bip-www
14 http 401 http://registry.npmjs.org/bip-www
15 verbose headers { 'content-type': 'application/json',
15 verbose headers   'cache-control': 'max-age=300',
15 verbose headers   'content-length': '2',
15 verbose headers   'accept-ranges': 'bytes',
15 verbose headers   date: 'Mon, 06 Mar 2017 22:45:05 GMT',
15 verbose headers   via: '1.1 varnish',
15 verbose headers   connection: 'keep-alive',
15 verbose headers   'x-served-by': 'cache-ord1722-ORD',
15 verbose headers   'x-cache': 'MISS',
15 verbose headers   'x-cache-hits': '0',
15 verbose headers   'x-timer': 'S1488840305.034363,VS0,VE245',
15 verbose headers   vary: 'Accept-Encoding' }
16 silly get cb [ 401,
16 silly get   { 'content-type': 'application/json',
16 silly get     'cache-control': 'max-age=300',
16 silly get     'content-length': '2',
16 silly get     'accept-ranges': 'bytes',
16 silly get     date: 'Mon, 06 Mar 2017 22:45:05 GMT',
16 silly get     via: '1.1 varnish',
16 silly get     connection: 'keep-alive',
16 silly get     'x-served-by': 'cache-ord1722-ORD',
16 silly get     'x-cache': 'MISS',
16 silly get     'x-cache-hits': '0',
16 silly get     'x-timer': 'S1488840305.034363,VS0,VE245',
16 silly get     vary: 'Accept-Encoding' } ]
17 error owner ls Couldn't get owner data bip-www
18 verbose stack Error: Registry returned 401 for GET on http://registry.npmjs.org/bip-www
18 verbose stack     at makeError (/home/jesse/.nvm/versions/node/v6.9.1/lib/node_modules/npm/node_modules/npm-registry-client/lib/request.js:302:12)
18 verbose stack     at CachingRegistryClient.<anonymous> (/home/jesse/.nvm/versions/node/v6.9.1/lib/node_modules/npm/node_modules/npm-registry-client/lib/request.js:280:14)
18 verbose stack     at Request._callback (/home/jesse/.nvm/versions/node/v6.9.1/lib/node_modules/npm/node_modules/npm-registry-client/lib/request.js:210:14)
18 verbose stack     at Request.self.callback (/home/jesse/.nvm/versions/node/v6.9.1/lib/node_modules/npm/node_modules/request/request.js:187:22)
18 verbose stack     at emitTwo (events.js:106:13)
18 verbose stack     at Request.emit (events.js:191:7)
18 verbose stack     at Request.<anonymous> (/home/jesse/.nvm/versions/node/v6.9.1/lib/node_modules/npm/node_modules/request/request.js:1044:10)
18 verbose stack     at emitOne (events.js:96:13)
18 verbose stack     at Request.emit (events.js:188:7)
18 verbose stack     at IncomingMessage.<anonymous> (/home/jesse/.nvm/versions/node/v6.9.1/lib/node_modules/npm/node_modules/request/request.js:965:12)
19 verbose statusCode 401
20 verbose pkgid bip-www
21 verbose cwd /home/jesse/repos/bipio-server/bip-www
22 error Linux 3.13.0-88-generic
23 error argv "/home/jesse/.nvm/versions/node/v6.9.1/bin/node" "/home/jesse/.nvm/versions/node/v6.9.1/bin/npm" "owner" "ls"
24 error node v6.9.1
25 error npm  v3.10.8
26 error code E401
27 error Registry returned 401 for GET on http://registry.npmjs.org/bip-www
28 error If you need help, you may report this error at:
28 error     <https://github.com/npm/npm/issues>
29 verbose exit [ 1, true ]
